<?xml version="1.0" encoding="UTF-8"?>
<testng-results ignored="0" total="1" passed="1" failed="0" skipped="0">
  <reporter-output>
  </reporter-output>
  <suite started-at="2022-06-19T18:33:06 IST" name="Default suite" finished-at="2022-06-19T18:33:06 IST" duration-ms="72">
    <groups>
    </groups>
    <test started-at="2022-06-19T18:33:06 IST" name="Default test" finished-at="2022-06-19T18:33:06 IST" duration-ms="72">
      <class name="org.projectsHyr.WorkingWithTestNG">
        <test-method signature="openingChrome()[pri:0, instance:org.projectsHyr.WorkingWithTestNG@6da21078]" started-at="2022-06-19T18:33:06 IST" name="openingChrome" finished-at="2022-06-19T18:33:06 IST" duration-ms="9" status="PASS">
          <reporter-output>
          </reporter-output>
        </test-method> <!-- openingChrome -->
      </class> <!-- org.projectsHyr.WorkingWithTestNG -->
    </test> <!-- Default test -->
  </suite> <!-- Default suite -->
</testng-results>
