<?xml version="1.0" encoding="UTF-8"?>
<testng-results ignored="0" total="1" passed="1" failed="0" skipped="0">
  <reporter-output>
  </reporter-output>
  <suite started-at="2022-06-21T11:50:48 IST" name="Default suite" finished-at="2022-06-21T11:50:49 IST" duration-ms="95">
    <groups>
    </groups>
    <test started-at="2022-06-21T11:50:48 IST" name="Default test" finished-at="2022-06-21T11:50:49 IST" duration-ms="95">
      <class name="org.projectsHyr.WorkingWithTestNG">
        <test-method signature="openingChrome()[pri:0, instance:org.projectsHyr.WorkingWithTestNG@784b990c]" started-at="2022-06-21T11:50:48 IST" name="openingChrome" finished-at="2022-06-21T11:50:48 IST" duration-ms="15" status="PASS">
          <reporter-output>
          </reporter-output>
        </test-method> <!-- openingChrome -->
      </class> <!-- org.projectsHyr.WorkingWithTestNG -->
    </test> <!-- Default test -->
  </suite> <!-- Default suite -->
</testng-results>
